# JRE version: OpenJDK Runtime Environment (11.0.10) (build 11.0.10+0-b96-7249189)
# Java VM: OpenJDK 64-Bit Server VM (11.0.10+0-b96-7249189, mixed mode, tiered, compressed oops, g1 gc, windows-amd64)
Heap:
 garbage-first heap   total 189440K, used 107672K [0x0000000080000000, 0x0000000100000000)
  region size 1024K, 24 young (24576K), 5 survivors (5120K)
 Metaspace       used 113423K, capacity 116975K, committed 117120K, reserved 1150976K
  class space    used 14371K, capacity 15713K, committed 15820K, reserved 1048576K
GC Heap History (20 events):
Event: 714.003 GC heap before
{Heap before GC invocations=50 (full 0):
 garbage-first heap   total 189440K, used 124418K [0x0000000080000000, 0x0000000100000000)
  region size 1024K, 40 young (40960K), 2 survivors (2048K)
 Metaspace       used 112334K, capacity 115756K, committed 115968K, reserved 1148928K
  class space    used 14307K, capacity 15599K, committed 15692K, reserved 1048576K
}
Event: 714.015 GC heap after
{Heap after GC invocations=51 (full 0):
 garbage-first heap   total 189440K, used 91997K [0x0000000080000000, 0x0000000100000000)
  region size 1024K, 7 young (7168K), 7 survivors (7168K)
 Metaspace       used 112334K, capacity 115756K, committed 115968K, reserved 1148928K
  class space    used 14307K, capacity 15599K, committed 15692K, reserved 1048576K
}
Event: 714.720 GC heap before
{Heap before GC invocations=52 (full 0):
 garbage-first heap   total 189440K, used 151389K [0x0000000080000000, 0x0000000100000000)
  region size 1024K, 59 young (60416K), 7 survivors (7168K)
 Metaspace       used 112702K, capacity 116251K, committed 116608K, reserved 1150976K
  class space    used 14369K, capacity 15713K, committed 15820K, reserved 1048576K
}
Event: 714.736 GC heap after
{Heap after GC invocations=53 (full 0):
 garbage-first heap   total 189440K, used 92366K [0x0000000080000000, 0x0000000100000000)
  region size 1024K, 2 young (2048K), 2 survivors (2048K)
 Metaspace       used 112702K, capacity 116251K, committed 116608K, reserved 1150976K
  class space    used 14369K, capacity 15713K, committed 15820K, reserved 1048576K
}
Event: 777.985 GC heap before
{Heap before GC invocations=53 (full 0):
 garbage-first heap   total 189440K, used 98510K [0x0000000080000000, 0x0000000100000000)
  region size 1024K, 9 young (9216K), 2 survivors (2048K)
 Metaspace       used 112728K, capacity 116252K, committed 116608K, reserved 1150976K
  class space    used 14369K, capacity 15713K, committed 15820K, reserved 1048576K
}
Event: 778.072 GC heap after
{Heap after GC invocations=54 (full 0):
 garbage-first heap   total 189440K, used 92401K [0x0000000080000000, 0x0000000100000000)
  region size 1024K, 2 young (2048K), 2 survivors (2048K)
 Metaspace       used 112728K, capacity 116252K, committed 116608K, reserved 1150976K
  class space    used 14369K, capacity 15713K, committed 15820K, reserved 1048576K
}
Event: 778.419 GC heap before
{Heap before GC invocations=54 (full 0):
 garbage-first heap   total 189440K, used 126193K [0x0000000080000000, 0x0000000100000000)
  region size 1024K, 37 young (37888K), 2 survivors (2048K)
 Metaspace       used 112822K, capacity 116445K, committed 116608K, reserved 1150976K
  class space    used 14369K, capacity 15713K, committed 15820K, reserved 1048576K
}
Event: 778.427 GC heap after
{Heap after GC invocations=55 (full 0):
 garbage-first heap   total 189440K, used 96322K [0x0000000080000000, 0x0000000100000000)
  region size 1024K, 6 young (6144K), 6 survivors (6144K)
 Metaspace       used 112822K, capacity 116445K, committed 116608K, reserved 1150976K
  class space    used 14369K, capacity 15713K, committed 15820K, reserved 1048576K
}
Event: 779.228 GC heap before
{Heap before GC invocations=56 (full 0):
 garbage-first heap   total 189440K, used 154690K [0x0000000080000000, 0x0000000100000000)
  region size 1024K, 57 young (58368K), 6 survivors (6144K)
 Metaspace       used 112982K, capacity 116515K, committed 116864K, reserved 1150976K
  class space    used 14369K, capacity 15713K, committed 15820K, reserved 1048576K
}
Event: 779.231 GC heap after
{Heap after GC invocations=57 (full 0):
 garbage-first heap   total 189440K, used 92710K [0x0000000080000000, 0x0000000100000000)
  region size 1024K, 1 young (1024K), 1 survivors (1024K)
 Metaspace       used 112982K, capacity 116515K, committed 116864K, reserved 1150976K
  class space    used 14369K, capacity 15713K, committed 15820K, reserved 1048576K
}
Event: 801.946 GC heap before
{Heap before GC invocations=57 (full 0):
 garbage-first heap   total 189440K, used 100902K [0x0000000080000000, 0x0000000100000000)
  region size 1024K, 9 young (9216K), 1 survivors (1024K)
 Metaspace       used 113016K, capacity 116579K, committed 116864K, reserved 1150976K
  class space    used 14369K, capacity 15713K, committed 15820K, reserved 1048576K
}
Event: 801.957 GC heap after
{Heap after GC invocations=58 (full 0):
 garbage-first heap   total 189440K, used 84639K [0x0000000080000000, 0x0000000100000000)
  region size 1024K, 2 young (2048K), 2 survivors (2048K)
 Metaspace       used 113016K, capacity 116579K, committed 116864K, reserved 1150976K
  class space    used 14369K, capacity 15713K, committed 15820K, reserved 1048576K
}
Event: 802.319 GC heap before
{Heap before GC invocations=58 (full 0):
 garbage-first heap   total 189440K, used 116383K [0x0000000080000000, 0x0000000100000000)
  region size 1024K, 35 young (35840K), 2 survivors (2048K)
 Metaspace       used 113122K, capacity 116711K, committed 116864K, reserved 1150976K
  class space    used 14370K, capacity 15713K, committed 15820K, reserved 1048576K
}
Event: 802.328 GC heap after
{Heap after GC invocations=59 (full 0):
 garbage-first heap   total 189440K, used 88263K [0x0000000080000000, 0x0000000100000000)
  region size 1024K, 6 young (6144K), 6 survivors (6144K)
 Metaspace       used 113122K, capacity 116711K, committed 116864K, reserved 1150976K
  class space    used 14370K, capacity 15713K, committed 15820K, reserved 1048576K
}
Event: 907.950 GC heap before
{Heap before GC invocations=60 (full 0):
 garbage-first heap   total 189440K, used 154823K [0x0000000080000000, 0x0000000100000000)
  region size 1024K, 63 young (64512K), 6 survivors (6144K)
 Metaspace       used 113313K, capacity 116908K, committed 117120K, reserved 1150976K
  class space    used 14370K, capacity 15713K, committed 15820K, reserved 1048576K
}
Event: 907.954 GC heap after
{Heap after GC invocations=61 (full 0):
 garbage-first heap   total 189440K, used 87328K [0x0000000080000000, 0x0000000100000000)
  region size 1024K, 2 young (2048K), 2 survivors (2048K)
 Metaspace       used 113313K, capacity 116908K, committed 117120K, reserved 1150976K
  class space    used 14370K, capacity 15713K, committed 15820K, reserved 1048576K
}
Event: 907.991 GC heap before
{Heap before GC invocations=61 (full 0):
 garbage-first heap   total 189440K, used 94496K [0x0000000080000000, 0x0000000100000000)
  region size 1024K, 9 young (9216K), 2 survivors (2048K)
 Metaspace       used 113317K, capacity 116908K, committed 117120K, reserved 1150976K
  class space    used 14370K, capacity 15713K, committed 15820K, reserved 1048576K
}
Event: 907.993 GC heap after
{Heap after GC invocations=62 (full 0):
 garbage-first heap   total 189440K, used 86450K [0x0000000080000000, 0x0000000100000000)
  region size 1024K, 1 young (1024K), 1 survivors (1024K)
 Metaspace       used 113317K, capacity 116908K, committed 117120K, reserved 1150976K
  class space    used 14370K, capacity 15713K, committed 15820K, reserved 1048576K
}
Event: 908.385 GC heap before
{Heap before GC invocations=62 (full 0):
 garbage-first heap   total 189440K, used 116146K [0x0000000080000000, 0x0000000100000000)
  region size 1024K, 31 young (31744K), 1 survivors (1024K)
 Metaspace       used 113401K, capacity 116910K, committed 117120K, reserved 1150976K
  class space    used 14371K, capacity 15713K, committed 15820K, reserved 1048576K
}
Event: 908.395 GC heap after
{Heap after GC invocations=63 (full 0):
 garbage-first heap   total 189440K, used 90264K [0x0000000080000000, 0x0000000100000000)
  region size 1024K, 5 young (5120K), 5 survivors (5120K)
 Metaspace       used 113401K, capacity 116910K, committed 117120K, reserved 1150976K
  class space    used 14371K, capacity 15713K, committed 15820K, reserved 1048576K
}

