# JRE version: OpenJDK Runtime Environment (11.0.10) (build 11.0.10+0-b96-7249189)
# Java VM: OpenJDK 64-Bit Server VM (11.0.10+0-b96-7249189, mixed mode, tiered, compressed oops, g1 gc, windows-amd64)
Heap:
 garbage-first heap   total 131072K, used 94026K [0x0000000080000000, 0x0000000100000000)
  region size 1024K, 9 young (9216K), 3 survivors (3072K)
 Metaspace       used 113102K, capacity 116629K, committed 116864K, reserved 1150976K
  class space    used 14352K, capacity 15670K, committed 15744K, reserved 1048576K
GC Heap History (20 events):
Event: 1436.417 GC heap before
{Heap before GC invocations=99 (full 0):
 garbage-first heap   total 131072K, used 93468K [0x0000000080000000, 0x0000000100000000)
  region size 1024K, 6 young (6144K), 2 survivors (2048K)
 Metaspace       used 112752K, capacity 116269K, committed 116352K, reserved 1150976K
  class space    used 14348K, capacity 15665K, committed 15744K, reserved 1048576K
}
Event: 1436.421 GC heap after
{Heap after GC invocations=100 (full 0):
 garbage-first heap   total 131072K, used 84142K [0x0000000080000000, 0x0000000100000000)
  region size 1024K, 1 young (1024K), 1 survivors (1024K)
 Metaspace       used 112752K, capacity 116269K, committed 116352K, reserved 1150976K
  class space    used 14348K, capacity 15665K, committed 15744K, reserved 1048576K
}
Event: 1436.887 GC heap before
{Heap before GC invocations=100 (full 0):
 garbage-first heap   total 131072K, used 103598K [0x0000000080000000, 0x0000000100000000)
  region size 1024K, 21 young (21504K), 1 survivors (1024K)
 Metaspace       used 112847K, capacity 116337K, committed 116608K, reserved 1150976K
  class space    used 14348K, capacity 15665K, committed 15744K, reserved 1048576K
}
Event: 1436.897 GC heap after
{Heap after GC invocations=101 (full 0):
 garbage-first heap   total 131072K, used 87306K [0x0000000080000000, 0x0000000100000000)
  region size 1024K, 3 young (3072K), 3 survivors (3072K)
 Metaspace       used 112847K, capacity 116337K, committed 116608K, reserved 1150976K
  class space    used 14348K, capacity 15665K, committed 15744K, reserved 1048576K
}
Event: 1438.118 GC heap before
{Heap before GC invocations=102 (full 0):
 garbage-first heap   total 131072K, used 108810K [0x0000000080000000, 0x0000000100000000)
  region size 1024K, 22 young (22528K), 3 survivors (3072K)
 Metaspace       used 112874K, capacity 116337K, committed 116608K, reserved 1150976K
  class space    used 14348K, capacity 15665K, committed 15744K, reserved 1048576K
}
Event: 1438.125 GC heap after
{Heap after GC invocations=103 (full 0):
 garbage-first heap   total 131072K, used 95264K [0x0000000080000000, 0x0000000100000000)
  region size 1024K, 3 young (3072K), 3 survivors (3072K)
 Metaspace       used 112874K, capacity 116337K, committed 116608K, reserved 1150976K
  class space    used 14348K, capacity 15665K, committed 15744K, reserved 1048576K
}
Event: 1438.186 GC heap before
{Heap before GC invocations=103 (full 0):
 garbage-first heap   total 131072K, used 97312K [0x0000000080000000, 0x0000000100000000)
  region size 1024K, 6 young (6144K), 3 survivors (3072K)
 Metaspace       used 112896K, capacity 116337K, committed 116608K, reserved 1150976K
  class space    used 14348K, capacity 15665K, committed 15744K, reserved 1048576K
}
Event: 1438.192 GC heap after
{Heap after GC invocations=104 (full 0):
 garbage-first heap   total 131072K, used 90389K [0x0000000080000000, 0x0000000100000000)
  region size 1024K, 1 young (1024K), 1 survivors (1024K)
 Metaspace       used 112896K, capacity 116337K, committed 116608K, reserved 1150976K
  class space    used 14348K, capacity 15665K, committed 15744K, reserved 1048576K
}
Event: 1438.293 GC heap before
{Heap before GC invocations=104 (full 0):
 garbage-first heap   total 131072K, used 105749K [0x0000000080000000, 0x0000000100000000)
  region size 1024K, 17 young (17408K), 1 survivors (1024K)
 Metaspace       used 112949K, capacity 116340K, committed 116608K, reserved 1150976K
  class space    used 14348K, capacity 15665K, committed 15744K, reserved 1048576K
}
Event: 1438.296 GC heap after
{Heap after GC invocations=105 (full 0):
 garbage-first heap   total 131072K, used 90890K [0x0000000080000000, 0x0000000100000000)
  region size 1024K, 2 young (2048K), 2 survivors (2048K)
 Metaspace       used 112949K, capacity 116340K, committed 116608K, reserved 1150976K
  class space    used 14348K, capacity 15665K, committed 15744K, reserved 1048576K
}
Event: 1438.605 GC heap before
{Heap before GC invocations=106 (full 0):
 garbage-first heap   total 131072K, used 106250K [0x0000000080000000, 0x0000000100000000)
  region size 1024K, 18 young (18432K), 2 survivors (2048K)
 Metaspace       used 112978K, capacity 116426K, committed 116608K, reserved 1150976K
  class space    used 14351K, capacity 15669K, committed 15744K, reserved 1048576K
}
Event: 1438.607 GC heap after
{Heap after GC invocations=107 (full 0):
 garbage-first heap   total 131072K, used 90824K [0x0000000080000000, 0x0000000100000000)
  region size 1024K, 2 young (2048K), 2 survivors (2048K)
 Metaspace       used 112978K, capacity 116426K, committed 116608K, reserved 1150976K
  class space    used 14351K, capacity 15669K, committed 15744K, reserved 1048576K
}
Event: 1438.700 GC heap before
{Heap before GC invocations=107 (full 0):
 garbage-first heap   total 131072K, used 93896K [0x0000000080000000, 0x0000000100000000)
  region size 1024K, 6 young (6144K), 2 survivors (2048K)
 Metaspace       used 112978K, capacity 116426K, committed 116608K, reserved 1150976K
  class space    used 14351K, capacity 15669K, committed 15744K, reserved 1048576K
}
Event: 1438.704 GC heap after
{Heap after GC invocations=108 (full 0):
 garbage-first heap   total 131072K, used 87881K [0x0000000080000000, 0x0000000100000000)
  region size 1024K, 1 young (1024K), 1 survivors (1024K)
 Metaspace       used 112978K, capacity 116426K, committed 116608K, reserved 1150976K
  class space    used 14351K, capacity 15669K, committed 15744K, reserved 1048576K
}
Event: 1438.718 GC heap before
{Heap before GC invocations=108 (full 0):
 garbage-first heap   total 131072K, used 87881K [0x0000000080000000, 0x0000000100000000)
  region size 1024K, 2 young (2048K), 1 survivors (1024K)
 Metaspace       used 112981K, capacity 116426K, committed 116608K, reserved 1150976K
  class space    used 14351K, capacity 15669K, committed 15744K, reserved 1048576K
}
Event: 1438.721 GC heap after
{Heap after GC invocations=109 (full 0):
 garbage-first heap   total 131072K, used 87852K [0x0000000080000000, 0x0000000100000000)
  region size 1024K, 1 young (1024K), 1 survivors (1024K)
 Metaspace       used 112981K, capacity 116426K, committed 116608K, reserved 1150976K
  class space    used 14351K, capacity 15669K, committed 15744K, reserved 1048576K
}
Event: 1467.392 GC heap before
{Heap before GC invocations=110 (full 0):
 garbage-first heap   total 131072K, used 110380K [0x0000000080000000, 0x0000000100000000)
  region size 1024K, 18 young (18432K), 1 survivors (1024K)
 Metaspace       used 113024K, capacity 116560K, committed 116864K, reserved 1150976K
  class space    used 14351K, capacity 15670K, committed 15744K, reserved 1048576K
}
Event: 1467.395 GC heap after
{Heap after GC invocations=111 (full 0):
 garbage-first heap   total 131072K, used 89096K [0x0000000080000000, 0x0000000100000000)
  region size 1024K, 2 young (2048K), 2 survivors (2048K)
 Metaspace       used 113024K, capacity 116560K, committed 116864K, reserved 1150976K
  class space    used 14351K, capacity 15670K, committed 15744K, reserved 1048576K
}
Event: 1467.418 GC heap before
{Heap before GC invocations=111 (full 0):
 garbage-first heap   total 131072K, used 93192K [0x0000000080000000, 0x0000000100000000)
  region size 1024K, 6 young (6144K), 2 survivors (2048K)
 Metaspace       used 113033K, capacity 116624K, committed 116864K, reserved 1150976K
  class space    used 14351K, capacity 15670K, committed 15744K, reserved 1048576K
}
Event: 1467.423 GC heap after
{Heap after GC invocations=112 (full 0):
 garbage-first heap   total 131072K, used 86602K [0x0000000080000000, 0x0000000100000000)
  region size 1024K, 1 young (1024K), 1 survivors (1024K)
 Metaspace       used 113033K, capacity 116624K, committed 116864K, reserved 1150976K
  class space    used 14351K, capacity 15670K, committed 15744K, reserved 1048576K
}

