# JRE version: OpenJDK Runtime Environment (11.0.10) (build 11.0.10+0-b96-7249189)
# Java VM: OpenJDK 64-Bit Server VM (11.0.10+0-b96-7249189, mixed mode, tiered, compressed oops, g1 gc, windows-amd64)
Heap:
 garbage-first heap   total 300032K, used 252035K [0x0000000080000000, 0x0000000100000000)
  region size 1024K, 134 young (137216K), 5 survivors (5120K)
 Metaspace       used 120777K, capacity 125572K, committed 125696K, reserved 1157120K
  class space    used 15301K, capacity 17135K, committed 17152K, reserved 1048576K
GC Heap History (20 events):
Event: 145.083 GC heap before
{Heap before GC invocations=52 (full 0):
 garbage-first heap   total 300032K, used 229597K [0x0000000080000000, 0x0000000100000000)
  region size 1024K, 108 young (110592K), 7 survivors (7168K)
 Metaspace       used 112934K, capacity 116471K, committed 116736K, reserved 1150976K
  class space    used 14716K, capacity 16095K, committed 16128K, reserved 1048576K
}
Event: 145.094 GC heap after
{Heap after GC invocations=53 (full 0):
 garbage-first heap   total 300032K, used 117014K [0x0000000080000000, 0x0000000100000000)
  region size 1024K, 13 young (13312K), 13 survivors (13312K)
 Metaspace       used 112934K, capacity 116471K, committed 116736K, reserved 1150976K
  class space    used 14716K, capacity 16095K, committed 16128K, reserved 1048576K
}
Event: 377.075 GC heap before
{Heap before GC invocations=53 (full 0):
 garbage-first heap   total 300032K, used 221462K [0x0000000080000000, 0x0000000100000000)
  region size 1024K, 111 young (113664K), 13 survivors (13312K)
 Metaspace       used 114308K, capacity 117916K, committed 118144K, reserved 1150976K
  class space    used 14753K, capacity 16148K, committed 16256K, reserved 1048576K
}
Event: 377.080 GC heap after
{Heap after GC invocations=54 (full 0):
 garbage-first heap   total 300032K, used 109151K [0x0000000080000000, 0x0000000100000000)
  region size 1024K, 2 young (2048K), 2 survivors (2048K)
 Metaspace       used 114308K, capacity 117916K, committed 118144K, reserved 1150976K
  class space    used 14753K, capacity 16148K, committed 16256K, reserved 1048576K
}
Event: 570.321 GC heap before
{Heap before GC invocations=54 (full 0):
 garbage-first heap   total 300032K, used 234079K [0x0000000080000000, 0x0000000100000000)
  region size 1024K, 118 young (120832K), 2 survivors (2048K)
 Metaspace       used 115258K, capacity 118932K, committed 119168K, reserved 1153024K
  class space    used 14775K, capacity 16184K, committed 16256K, reserved 1048576K
}
Event: 570.324 GC heap after
{Heap after GC invocations=55 (full 0):
 garbage-first heap   total 300032K, used 112333K [0x0000000080000000, 0x0000000100000000)
  region size 1024K, 3 young (3072K), 3 survivors (3072K)
 Metaspace       used 115258K, capacity 118932K, committed 119168K, reserved 1153024K
  class space    used 14775K, capacity 16184K, committed 16256K, reserved 1048576K
}
Event: 690.148 GC heap before
{Heap before GC invocations=55 (full 0):
 garbage-first heap   total 300032K, used 241357K [0x0000000080000000, 0x0000000100000000)
  region size 1024K, 123 young (125952K), 3 survivors (3072K)
 Metaspace       used 115911K, capacity 119582K, committed 119680K, reserved 1153024K
  class space    used 14798K, capacity 16223K, committed 16256K, reserved 1048576K
}
Event: 690.153 GC heap after
{Heap after GC invocations=56 (full 0):
 garbage-first heap   total 300032K, used 113590K [0x0000000080000000, 0x0000000100000000)
  region size 1024K, 5 young (5120K), 5 survivors (5120K)
 Metaspace       used 115911K, capacity 119582K, committed 119680K, reserved 1153024K
  class space    used 14798K, capacity 16223K, committed 16256K, reserved 1048576K
}
Event: 712.088 GC heap before
{Heap before GC invocations=56 (full 0):
 garbage-first heap   total 300032K, used 246710K [0x0000000080000000, 0x0000000100000000)
  region size 1024K, 129 young (132096K), 5 survivors (5120K)
 Metaspace       used 116588K, capacity 120266K, committed 120448K, reserved 1153024K
  class space    used 14808K, capacity 16241K, committed 16256K, reserved 1048576K
}
Event: 712.095 GC heap after
{Heap after GC invocations=57 (full 0):
 garbage-first heap   total 300032K, used 115258K [0x0000000080000000, 0x0000000100000000)
  region size 1024K, 6 young (6144K), 6 survivors (6144K)
 Metaspace       used 116588K, capacity 120266K, committed 120448K, reserved 1153024K
  class space    used 14808K, capacity 16241K, committed 16256K, reserved 1048576K
}
Event: 800.073 GC heap before
{Heap before GC invocations=57 (full 0):
 garbage-first heap   total 300032K, used 251450K [0x0000000080000000, 0x0000000100000000)
  region size 1024K, 132 young (135168K), 6 survivors (6144K)
 Metaspace       used 117726K, capacity 121794K, committed 122112K, reserved 1155072K
  class space    used 14987K, capacity 16571K, committed 16640K, reserved 1048576K
}
Event: 800.079 GC heap after
{Heap after GC invocations=58 (full 0):
 garbage-first heap   total 300032K, used 113697K [0x0000000080000000, 0x0000000100000000)
  region size 1024K, 5 young (5120K), 5 survivors (5120K)
 Metaspace       used 117726K, capacity 121794K, committed 122112K, reserved 1155072K
  class space    used 14987K, capacity 16571K, committed 16640K, reserved 1048576K
}
Event: 829.873 GC heap before
{Heap before GC invocations=58 (full 0):
 garbage-first heap   total 300032K, used 255009K [0x0000000080000000, 0x0000000100000000)
  region size 1024K, 135 young (138240K), 5 survivors (5120K)
 Metaspace       used 118115K, capacity 122193K, committed 122368K, reserved 1155072K
  class space    used 14988K, capacity 16571K, committed 16640K, reserved 1048576K
}
Event: 829.885 GC heap after
{Heap after GC invocations=59 (full 0):
 garbage-first heap   total 300032K, used 121711K [0x0000000080000000, 0x0000000100000000)
  region size 1024K, 10 young (10240K), 10 survivors (10240K)
 Metaspace       used 118115K, capacity 122193K, committed 122368K, reserved 1155072K
  class space    used 14988K, capacity 16571K, committed 16640K, reserved 1048576K
}
Event: 963.184 GC heap before
{Heap before GC invocations=59 (full 0):
 garbage-first heap   total 300032K, used 251759K [0x0000000080000000, 0x0000000100000000)
  region size 1024K, 131 young (134144K), 10 survivors (10240K)
 Metaspace       used 118409K, capacity 122473K, committed 122624K, reserved 1155072K
  class space    used 14989K, capacity 16574K, committed 16640K, reserved 1048576K
}
Event: 963.194 GC heap after
{Heap after GC invocations=60 (full 0):
 garbage-first heap   total 300032K, used 118995K [0x0000000080000000, 0x0000000100000000)
  region size 1024K, 7 young (7168K), 7 survivors (7168K)
 Metaspace       used 118409K, capacity 122473K, committed 122624K, reserved 1155072K
  class space    used 14989K, capacity 16574K, committed 16640K, reserved 1048576K
}
Event: 1019.970 GC heap before
{Heap before GC invocations=60 (full 0):
 garbage-first heap   total 300032K, used 252115K [0x0000000080000000, 0x0000000100000000)
  region size 1024K, 131 young (134144K), 7 survivors (7168K)
 Metaspace       used 118816K, capacity 122840K, committed 122880K, reserved 1155072K
  class space    used 15009K, capacity 16606K, committed 16640K, reserved 1048576K
}
Event: 1019.975 GC heap after
{Heap after GC invocations=61 (full 0):
 garbage-first heap   total 300032K, used 116995K [0x0000000080000000, 0x0000000100000000)
  region size 1024K, 7 young (7168K), 7 survivors (7168K)
 Metaspace       used 118816K, capacity 122840K, committed 122880K, reserved 1155072K
  class space    used 15009K, capacity 16606K, committed 16640K, reserved 1048576K
}
Event: 1329.383 GC heap before
{Heap before GC invocations=61 (full 0):
 garbage-first heap   total 300032K, used 251139K [0x0000000080000000, 0x0000000100000000)
  region size 1024K, 134 young (137216K), 7 survivors (7168K)
 Metaspace       used 119051K, capacity 123106K, committed 123392K, reserved 1157120K
  class space    used 15011K, capacity 16608K, committed 16640K, reserved 1048576K
}
Event: 1329.386 GC heap after
{Heap after GC invocations=62 (full 0):
 garbage-first heap   total 300032K, used 112771K [0x0000000080000000, 0x0000000100000000)
  region size 1024K, 5 young (5120K), 5 survivors (5120K)
 Metaspace       used 119051K, capacity 123106K, committed 123392K, reserved 1157120K
  class space    used 15011K, capacity 16608K, committed 16640K, reserved 1048576K
}

