# JRE version: OpenJDK Runtime Environment (11.0.10) (build 11.0.10+0-b96-7249189)
# Java VM: OpenJDK 64-Bit Server VM (11.0.10+0-b96-7249189, mixed mode, tiered, compressed oops, g1 gc, windows-amd64)
Heap:
 garbage-first heap   total 547840K, used 394083K [0x0000000080000000, 0x0000000100000000)
  region size 1024K, 255 young (261120K), 1 survivors (1024K)
 Metaspace       used 117476K, capacity 120740K, committed 120832K, reserved 1155072K
  class space    used 14653K, capacity 15910K, committed 15948K, reserved 1048576K
GC Heap History (20 events):
Event: 33.863 GC heap before
{Heap before GC invocations=59 (full 0):
 garbage-first heap   total 538624K, used 456286K [0x0000000080000000, 0x0000000100000000)
  region size 1024K, 315 young (322560K), 8 survivors (8192K)
 Metaspace       used 99437K, capacity 102108K, committed 102272K, reserved 1138688K
  class space    used 12858K, capacity 13887K, committed 14028K, reserved 1048576K
}
Event: 33.877 GC heap after
{Heap after GC invocations=60 (full 0):
 garbage-first heap   total 538624K, used 151334K [0x0000000080000000, 0x0000000100000000)
  region size 1024K, 16 young (16384K), 16 survivors (16384K)
 Metaspace       used 99437K, capacity 102108K, committed 102272K, reserved 1138688K
  class space    used 12858K, capacity 13887K, committed 14028K, reserved 1048576K
}
Event: 34.364 GC heap before
{Heap before GC invocations=60 (full 0):
 garbage-first heap   total 538624K, used 457510K [0x0000000080000000, 0x0000000100000000)
  region size 1024K, 315 young (322560K), 16 survivors (16384K)
 Metaspace       used 99455K, capacity 102180K, committed 102528K, reserved 1138688K
  class space    used 12860K, capacity 13890K, committed 14028K, reserved 1048576K
}
Event: 34.376 GC heap after
{Heap after GC invocations=61 (full 0):
 garbage-first heap   total 538624K, used 145461K [0x0000000080000000, 0x0000000100000000)
  region size 1024K, 11 young (11264K), 11 survivors (11264K)
 Metaspace       used 99455K, capacity 102180K, committed 102528K, reserved 1138688K
  class space    used 12860K, capacity 13890K, committed 14028K, reserved 1048576K
}
Event: 35.925 GC heap before
{Heap before GC invocations=61 (full 0):
 garbage-first heap   total 538624K, used 468021K [0x0000000080000000, 0x0000000100000000)
  region size 1024K, 315 young (322560K), 11 survivors (11264K)
 Metaspace       used 100198K, capacity 102919K, committed 103168K, reserved 1138688K
  class space    used 12953K, capacity 14002K, committed 14156K, reserved 1048576K
}
Event: 35.934 GC heap after
{Heap after GC invocations=62 (full 0):
 garbage-first heap   total 538624K, used 155238K [0x0000000080000000, 0x0000000100000000)
  region size 1024K, 12 young (12288K), 12 survivors (12288K)
 Metaspace       used 100198K, capacity 102919K, committed 103168K, reserved 1138688K
  class space    used 12953K, capacity 14002K, committed 14156K, reserved 1048576K
}
Event: 53.961 GC heap before
{Heap before GC invocations=62 (full 0):
 garbage-first heap   total 538624K, used 479846K [0x0000000080000000, 0x0000000100000000)
  region size 1024K, 315 young (322560K), 12 survivors (12288K)
 Metaspace       used 109999K, capacity 113074K, committed 113152K, reserved 1146880K
  class space    used 14179K, capacity 15366K, committed 15436K, reserved 1048576K
}
Event: 54.014 GC heap after
{Heap after GC invocations=63 (full 0):
 garbage-first heap   total 538624K, used 190162K [0x0000000080000000, 0x0000000100000000)
  region size 1024K, 40 young (40960K), 40 survivors (40960K)
 Metaspace       used 109999K, capacity 113074K, committed 113152K, reserved 1146880K
  class space    used 14179K, capacity 15366K, committed 15436K, reserved 1048576K
}
Event: 67.836 GC heap before
{Heap before GC invocations=63 (full 0):
 garbage-first heap   total 538624K, used 470738K [0x0000000080000000, 0x0000000100000000)
  region size 1024K, 287 young (293888K), 40 survivors (40960K)
 Metaspace       used 113259K, capacity 116450K, committed 116608K, reserved 1150976K
  class space    used 14512K, capacity 15789K, committed 15820K, reserved 1048576K
}
Event: 67.891 GC heap after
{Heap after GC invocations=64 (full 0):
 garbage-first heap   total 547840K, used 233084K [0x0000000080000000, 0x0000000100000000)
  region size 1024K, 36 young (36864K), 36 survivors (36864K)
 Metaspace       used 113259K, capacity 116450K, committed 116608K, reserved 1150976K
  class space    used 14512K, capacity 15789K, committed 15820K, reserved 1048576K
}
Event: 69.947 GC heap before
{Heap before GC invocations=64 (full 0):
 garbage-first heap   total 547840K, used 447100K [0x0000000080000000, 0x0000000100000000)
  region size 1024K, 231 young (236544K), 36 survivors (36864K)
 Metaspace       used 113712K, capacity 117009K, committed 117120K, reserved 1150976K
  class space    used 14517K, capacity 15796K, committed 15820K, reserved 1048576K
}
Event: 69.980 GC heap after
{Heap after GC invocations=65 (full 0):
 garbage-first heap   total 547840K, used 248416K [0x0000000080000000, 0x0000000100000000)
  region size 1024K, 17 young (17408K), 17 survivors (17408K)
 Metaspace       used 113712K, capacity 117009K, committed 117120K, reserved 1150976K
  class space    used 14517K, capacity 15796K, committed 15820K, reserved 1048576K
}
Event: 70.796 GC heap before
{Heap before GC invocations=65 (full 0):
 garbage-first heap   total 547840K, used 377440K [0x0000000080000000, 0x0000000100000000)
  region size 1024K, 132 young (135168K), 17 survivors (17408K)
 Metaspace       used 113783K, capacity 117019K, committed 117120K, reserved 1150976K
  class space    used 14519K, capacity 15797K, committed 15820K, reserved 1048576K
}
Event: 70.807 GC heap after
{Heap after GC invocations=66 (full 0):
 garbage-first heap   total 547840K, used 249210K [0x0000000080000000, 0x0000000100000000)
  region size 1024K, 4 young (4096K), 4 survivors (4096K)
 Metaspace       used 113783K, capacity 117019K, committed 117120K, reserved 1150976K
  class space    used 14519K, capacity 15797K, committed 15820K, reserved 1048576K
}
Event: 563.586 GC heap before
{Heap before GC invocations=67 (full 0):
 garbage-first heap   total 547840K, used 404858K [0x0000000080000000, 0x0000000100000000)
  region size 1024K, 198 young (202752K), 4 survivors (4096K)
 Metaspace       used 116075K, capacity 119321K, committed 119552K, reserved 1153024K
  class space    used 14607K, capacity 15834K, committed 15948K, reserved 1048576K
}
Event: 563.594 GC heap after
{Heap after GC invocations=68 (full 0):
 garbage-first heap   total 547840K, used 202716K [0x0000000080000000, 0x0000000100000000)
  region size 1024K, 9 young (9216K), 9 survivors (9216K)
 Metaspace       used 116075K, capacity 119321K, committed 119552K, reserved 1153024K
  class space    used 14607K, capacity 15834K, committed 15948K, reserved 1048576K
}
Event: 563.850 GC heap before
{Heap before GC invocations=68 (full 0):
 garbage-first heap   total 547840K, used 219100K [0x0000000080000000, 0x0000000100000000)
  region size 1024K, 26 young (26624K), 9 survivors (9216K)
 Metaspace       used 116224K, capacity 119455K, committed 119808K, reserved 1153024K
  class space    used 14608K, capacity 15834K, committed 15948K, reserved 1048576K
}
Event: 563.856 GC heap after
{Heap after GC invocations=69 (full 0):
 garbage-first heap   total 547840K, used 143538K [0x0000000080000000, 0x0000000100000000)
  region size 1024K, 2 young (2048K), 2 survivors (2048K)
 Metaspace       used 116224K, capacity 119455K, committed 119808K, reserved 1153024K
  class space    used 14608K, capacity 15834K, committed 15948K, reserved 1048576K
}
Event: 564.116 GC heap before
{Heap before GC invocations=69 (full 0):
 garbage-first heap   total 547840K, used 168114K [0x0000000080000000, 0x0000000100000000)
  region size 1024K, 26 young (26624K), 2 survivors (2048K)
 Metaspace       used 116313K, capacity 119497K, committed 119808K, reserved 1153024K
  class space    used 14617K, capacity 15843K, committed 15948K, reserved 1048576K
}
Event: 564.121 GC heap after
{Heap after GC invocations=70 (full 0):
 garbage-first heap   total 547840K, used 114531K [0x0000000080000000, 0x0000000100000000)
  region size 1024K, 1 young (1024K), 1 survivors (1024K)
 Metaspace       used 116313K, capacity 119497K, committed 119808K, reserved 1153024K
  class space    used 14617K, capacity 15843K, committed 15948K, reserved 1048576K
}

