# JRE version: OpenJDK Runtime Environment (11.0.10) (build 11.0.10+0-b96-7249189)
# Java VM: OpenJDK 64-Bit Server VM (11.0.10+0-b96-7249189, mixed mode, tiered, compressed oops, g1 gc, windows-amd64)
Heap:
 garbage-first heap   total 157696K, used 95876K [0x0000000080000000, 0x0000000100000000)
  region size 1024K, 9 young (9216K), 2 survivors (2048K)
 Metaspace       used 110374K, capacity 113405K, committed 113920K, reserved 1146880K
  class space    used 14170K, capacity 15319K, committed 15616K, reserved 1048576K
GC Heap History (20 events):
Event: 282.418 GC heap before
{Heap before GC invocations=34 (full 0):
 garbage-first heap   total 157696K, used 87633K [0x0000000080000000, 0x0000000100000000)
  region size 1024K, 6 young (6144K), 5 survivors (5120K)
 Metaspace       used 108915K, capacity 111940K, committed 112896K, reserved 1146880K
  class space    used 14126K, capacity 15253K, committed 15616K, reserved 1048576K
}
Event: 282.425 GC heap after
{Heap after GC invocations=35 (full 0):
 garbage-first heap   total 157696K, used 88366K [0x0000000080000000, 0x0000000100000000)
  region size 1024K, 1 young (1024K), 1 survivors (1024K)
 Metaspace       used 108915K, capacity 111940K, committed 112896K, reserved 1146880K
  class space    used 14126K, capacity 15253K, committed 15616K, reserved 1048576K
}
Event: 282.764 GC heap before
{Heap before GC invocations=36 (full 0):
 garbage-first heap   total 157696K, used 118062K [0x0000000080000000, 0x0000000100000000)
  region size 1024K, 29 young (29696K), 1 survivors (1024K)
 Metaspace       used 109125K, capacity 112142K, committed 112896K, reserved 1146880K
  class space    used 14139K, capacity 15276K, committed 15616K, reserved 1048576K
}
Event: 282.768 GC heap after
{Heap after GC invocations=37 (full 0):
 garbage-first heap   total 157696K, used 93393K [0x0000000080000000, 0x0000000100000000)
  region size 1024K, 4 young (4096K), 4 survivors (4096K)
 Metaspace       used 109125K, capacity 112142K, committed 112896K, reserved 1146880K
  class space    used 14139K, capacity 15276K, committed 15616K, reserved 1048576K
}
Event: 282.815 GC heap before
{Heap before GC invocations=37 (full 0):
 garbage-first heap   total 157696K, used 96465K [0x0000000080000000, 0x0000000100000000)
  region size 1024K, 7 young (7168K), 4 survivors (4096K)
 Metaspace       used 109205K, capacity 112207K, committed 112896K, reserved 1146880K
  class space    used 14139K, capacity 15276K, committed 15616K, reserved 1048576K
}
Event: 282.821 GC heap after
{Heap after GC invocations=38 (full 0):
 garbage-first heap   total 157696K, used 87906K [0x0000000080000000, 0x0000000100000000)
  region size 1024K, 1 young (1024K), 1 survivors (1024K)
 Metaspace       used 109205K, capacity 112207K, committed 112896K, reserved 1146880K
  class space    used 14139K, capacity 15276K, committed 15616K, reserved 1048576K
}
Event: 283.059 GC heap before
{Heap before GC invocations=38 (full 0):
 garbage-first heap   total 157696K, used 108386K [0x0000000080000000, 0x0000000100000000)
  region size 1024K, 23 young (23552K), 1 survivors (1024K)
 Metaspace       used 109367K, capacity 112350K, committed 113152K, reserved 1146880K
  class space    used 14140K, capacity 15279K, committed 15616K, reserved 1048576K
}
Event: 283.063 GC heap after
{Heap after GC invocations=39 (full 0):
 garbage-first heap   total 157696K, used 88164K [0x0000000080000000, 0x0000000100000000)
  region size 1024K, 1 young (1024K), 1 survivors (1024K)
 Metaspace       used 109367K, capacity 112350K, committed 113152K, reserved 1146880K
  class space    used 14140K, capacity 15279K, committed 15616K, reserved 1048576K
}
Event: 309.520 GC heap before
{Heap before GC invocations=40 (full 0):
 garbage-first heap   total 157696K, used 128100K [0x0000000080000000, 0x0000000100000000)
  region size 1024K, 34 young (34816K), 1 survivors (1024K)
 Metaspace       used 109733K, capacity 112873K, committed 113664K, reserved 1146880K
  class space    used 14155K, capacity 15306K, committed 15616K, reserved 1048576K
}
Event: 309.524 GC heap after
{Heap after GC invocations=41 (full 0):
 garbage-first heap   total 157696K, used 91813K [0x0000000080000000, 0x0000000100000000)
  region size 1024K, 5 young (5120K), 5 survivors (5120K)
 Metaspace       used 109733K, capacity 112873K, committed 113664K, reserved 1146880K
  class space    used 14155K, capacity 15306K, committed 15616K, reserved 1048576K
}
Event: 309.540 GC heap before
{Heap before GC invocations=41 (full 0):
 garbage-first heap   total 157696K, used 92837K [0x0000000080000000, 0x0000000100000000)
  region size 1024K, 7 young (7168K), 5 survivors (5120K)
 Metaspace       used 109736K, capacity 112873K, committed 113664K, reserved 1146880K
  class space    used 14155K, capacity 15306K, committed 15616K, reserved 1048576K
}
Event: 309.545 GC heap after
{Heap after GC invocations=42 (full 0):
 garbage-first heap   total 157696K, used 89978K [0x0000000080000000, 0x0000000100000000)
  region size 1024K, 1 young (1024K), 1 survivors (1024K)
 Metaspace       used 109736K, capacity 112873K, committed 113664K, reserved 1146880K
  class space    used 14155K, capacity 15306K, committed 15616K, reserved 1048576K
}
Event: 309.688 GC heap before
{Heap before GC invocations=42 (full 0):
 garbage-first heap   total 157696K, used 97146K [0x0000000080000000, 0x0000000100000000)
  region size 1024K, 10 young (10240K), 1 survivors (1024K)
 Metaspace       used 109800K, capacity 112881K, committed 113664K, reserved 1146880K
  class space    used 14156K, capacity 15308K, committed 15616K, reserved 1048576K
}
Event: 309.692 GC heap after
{Heap after GC invocations=43 (full 0):
 garbage-first heap   total 157696K, used 90931K [0x0000000080000000, 0x0000000100000000)
  region size 1024K, 2 young (2048K), 2 survivors (2048K)
 Metaspace       used 109800K, capacity 112881K, committed 113664K, reserved 1146880K
  class space    used 14156K, capacity 15308K, committed 15616K, reserved 1048576K
}
Event: 310.072 GC heap before
{Heap before GC invocations=44 (full 0):
 garbage-first heap   total 157696K, used 122675K [0x0000000080000000, 0x0000000100000000)
  region size 1024K, 35 young (35840K), 2 survivors (2048K)
 Metaspace       used 110017K, capacity 113031K, committed 113664K, reserved 1146880K
  class space    used 14158K, capacity 15310K, committed 15616K, reserved 1048576K
}
Event: 310.075 GC heap after
{Heap after GC invocations=45 (full 0):
 garbage-first heap   total 157696K, used 90109K [0x0000000080000000, 0x0000000100000000)
  region size 1024K, 2 young (2048K), 2 survivors (2048K)
 Metaspace       used 110017K, capacity 113031K, committed 113664K, reserved 1146880K
  class space    used 14158K, capacity 15310K, committed 15616K, reserved 1048576K
}
Event: 310.144 GC heap before
{Heap before GC invocations=45 (full 0):
 garbage-first heap   total 157696K, used 94205K [0x0000000080000000, 0x0000000100000000)
  region size 1024K, 7 young (7168K), 2 survivors (2048K)
 Metaspace       used 110076K, capacity 113042K, committed 113664K, reserved 1146880K
  class space    used 14160K, capacity 15313K, committed 15616K, reserved 1048576K
}
Event: 310.148 GC heap after
{Heap after GC invocations=46 (full 0):
 garbage-first heap   total 157696K, used 83185K [0x0000000080000000, 0x0000000100000000)
  region size 1024K, 1 young (1024K), 1 survivors (1024K)
 Metaspace       used 110076K, capacity 113042K, committed 113664K, reserved 1146880K
  class space    used 14160K, capacity 15313K, committed 15616K, reserved 1048576K
}
Event: 310.253 GC heap before
{Heap before GC invocations=46 (full 0):
 garbage-first heap   total 157696K, used 95473K [0x0000000080000000, 0x0000000100000000)
  region size 1024K, 15 young (15360K), 1 survivors (1024K)
 Metaspace       used 110080K, capacity 113042K, committed 113664K, reserved 1146880K
  class space    used 14160K, capacity 15313K, committed 15616K, reserved 1048576K
}
Event: 310.256 GC heap after
{Heap after GC invocations=47 (full 0):
 garbage-first heap   total 157696K, used 83249K [0x0000000080000000, 0x0000000100000000)
  region size 1024K, 1 young (1024K), 1 survivors (1024K)
 Metaspace       used 110080K, capacity 113042K, committed 113664K, reserved 1146880K
  class space    used 14160K, capacity 15313K, committed 15616K, reserved 1048576K
}

