# JRE version: OpenJDK Runtime Environment (11.0.10) (build 11.0.10+0-b96-7249189)
# Java VM: OpenJDK 64-Bit Server VM (11.0.10+0-b96-7249189, mixed mode, tiered, compressed oops, g1 gc, windows-amd64)
Heap:
 garbage-first heap   total 157696K, used 97928K [0x0000000080000000, 0x0000000100000000)
  region size 1024K, 12 young (12288K), 1 survivors (1024K)
 Metaspace       used 113562K, capacity 117031K, committed 117068K, reserved 1150976K
  class space    used 14357K, capacity 15669K, committed 15692K, reserved 1048576K
GC Heap History (20 events):
Event: 1083.630 GC heap before
{Heap before GC invocations=81 (full 0):
 garbage-first heap   total 157696K, used 127226K [0x0000000080000000, 0x0000000100000000)
  region size 1024K, 38 young (38912K), 2 survivors (2048K)
 Metaspace       used 113069K, capacity 116503K, committed 116556K, reserved 1150976K
  class space    used 14357K, capacity 15669K, committed 15692K, reserved 1048576K
}
Event: 1083.633 GC heap after
{Heap after GC invocations=82 (full 0):
 garbage-first heap   total 157696K, used 90503K [0x0000000080000000, 0x0000000100000000)
  region size 1024K, 3 young (3072K), 3 survivors (3072K)
 Metaspace       used 113069K, capacity 116503K, committed 116556K, reserved 1150976K
  class space    used 14357K, capacity 15669K, committed 15692K, reserved 1048576K
}
Event: 1083.652 GC heap before
{Heap before GC invocations=82 (full 0):
 garbage-first heap   total 157696K, used 94599K [0x0000000080000000, 0x0000000100000000)
  region size 1024K, 7 young (7168K), 3 survivors (3072K)
 Metaspace       used 113069K, capacity 116503K, committed 116556K, reserved 1150976K
  class space    used 14357K, capacity 15669K, committed 15692K, reserved 1048576K
}
Event: 1083.656 GC heap after
{Heap after GC invocations=83 (full 0):
 garbage-first heap   total 157696K, used 83634K [0x0000000080000000, 0x0000000100000000)
  region size 1024K, 1 young (1024K), 1 survivors (1024K)
 Metaspace       used 113069K, capacity 116503K, committed 116556K, reserved 1150976K
  class space    used 14357K, capacity 15669K, committed 15692K, reserved 1048576K
}
Event: 1083.862 GC heap before
{Heap before GC invocations=83 (full 0):
 garbage-first heap   total 157696K, used 102066K [0x0000000080000000, 0x0000000100000000)
  region size 1024K, 21 young (21504K), 1 survivors (1024K)
 Metaspace       used 113173K, capacity 116632K, committed 116812K, reserved 1150976K
  class space    used 14357K, capacity 15669K, committed 15692K, reserved 1048576K
}
Event: 1083.864 GC heap after
{Heap after GC invocations=84 (full 0):
 garbage-first heap   total 157696K, used 83748K [0x0000000080000000, 0x0000000100000000)
  region size 1024K, 1 young (1024K), 1 survivors (1024K)
 Metaspace       used 113173K, capacity 116632K, committed 116812K, reserved 1150976K
  class space    used 14357K, capacity 15669K, committed 15692K, reserved 1048576K
}
Event: 1146.021 GC heap before
{Heap before GC invocations=85 (full 0):
 garbage-first heap   total 157696K, used 131876K [0x0000000080000000, 0x0000000100000000)
  region size 1024K, 44 young (45056K), 1 survivors (1024K)
 Metaspace       used 113297K, capacity 116765K, committed 116812K, reserved 1150976K
  class space    used 14357K, capacity 15669K, committed 15692K, reserved 1048576K
}
Event: 1146.026 GC heap after
{Heap after GC invocations=86 (full 0):
 garbage-first heap   total 157696K, used 88997K [0x0000000080000000, 0x0000000100000000)
  region size 1024K, 6 young (6144K), 6 survivors (6144K)
 Metaspace       used 113297K, capacity 116765K, committed 116812K, reserved 1150976K
  class space    used 14357K, capacity 15669K, committed 15692K, reserved 1048576K
}
Event: 1146.032 GC heap before
{Heap before GC invocations=86 (full 0):
 garbage-first heap   total 157696K, used 88997K [0x0000000080000000, 0x0000000100000000)
  region size 1024K, 7 young (7168K), 6 survivors (6144K)
 Metaspace       used 113306K, capacity 116765K, committed 116812K, reserved 1150976K
  class space    used 14357K, capacity 15669K, committed 15692K, reserved 1048576K
}
Event: 1146.040 GC heap after
{Heap after GC invocations=87 (full 0):
 garbage-first heap   total 157696K, used 89412K [0x0000000080000000, 0x0000000100000000)
  region size 1024K, 1 young (1024K), 1 survivors (1024K)
 Metaspace       used 113306K, capacity 116765K, committed 116812K, reserved 1150976K
  class space    used 14357K, capacity 15669K, committed 15692K, reserved 1048576K
}
Event: 1146.309 GC heap before
{Heap before GC invocations=88 (full 0):
 garbage-first heap   total 157696K, used 120132K [0x0000000080000000, 0x0000000100000000)
  region size 1024K, 30 young (30720K), 1 survivors (1024K)
 Metaspace       used 113393K, capacity 116832K, committed 117068K, reserved 1150976K
  class space    used 14357K, capacity 15669K, committed 15692K, reserved 1048576K
}
Event: 1146.312 GC heap after
{Heap after GC invocations=89 (full 0):
 garbage-first heap   total 157696K, used 95046K [0x0000000080000000, 0x0000000100000000)
  region size 1024K, 4 young (4096K), 4 survivors (4096K)
 Metaspace       used 113393K, capacity 116832K, committed 117068K, reserved 1150976K
  class space    used 14357K, capacity 15669K, committed 15692K, reserved 1048576K
}
Event: 1146.338 GC heap before
{Heap before GC invocations=89 (full 0):
 garbage-first heap   total 157696K, used 98118K [0x0000000080000000, 0x0000000100000000)
  region size 1024K, 7 young (7168K), 4 survivors (4096K)
 Metaspace       used 113406K, capacity 116832K, committed 117068K, reserved 1150976K
  class space    used 14357K, capacity 15669K, committed 15692K, reserved 1048576K
}
Event: 1146.342 GC heap after
{Heap after GC invocations=90 (full 0):
 garbage-first heap   total 157696K, used 89825K [0x0000000080000000, 0x0000000100000000)
  region size 1024K, 1 young (1024K), 1 survivors (1024K)
 Metaspace       used 113406K, capacity 116832K, committed 117068K, reserved 1150976K
  class space    used 14357K, capacity 15669K, committed 15692K, reserved 1048576K
}
Event: 1146.554 GC heap before
{Heap before GC invocations=90 (full 0):
 garbage-first heap   total 157696K, used 117473K [0x0000000080000000, 0x0000000100000000)
  region size 1024K, 29 young (29696K), 1 survivors (1024K)
 Metaspace       used 113457K, capacity 116897K, committed 117068K, reserved 1150976K
  class space    used 14357K, capacity 15669K, committed 15692K, reserved 1048576K
}
Event: 1146.556 GC heap after
{Heap after GC invocations=91 (full 0):
 garbage-first heap   total 157696K, used 89877K [0x0000000080000000, 0x0000000100000000)
  region size 1024K, 1 young (1024K), 1 survivors (1024K)
 Metaspace       used 113457K, capacity 116897K, committed 117068K, reserved 1150976K
  class space    used 14357K, capacity 15669K, committed 15692K, reserved 1048576K
}
Event: 1189.646 GC heap before
{Heap before GC invocations=92 (full 0):
 garbage-first heap   total 157696K, used 127765K [0x0000000080000000, 0x0000000100000000)
  region size 1024K, 34 young (34816K), 1 survivors (1024K)
 Metaspace       used 113528K, capacity 117027K, committed 117068K, reserved 1150976K
  class space    used 14357K, capacity 15669K, committed 15692K, reserved 1048576K
}
Event: 1189.650 GC heap after
{Heap after GC invocations=93 (full 0):
 garbage-first heap   total 157696K, used 93554K [0x0000000080000000, 0x0000000100000000)
  region size 1024K, 5 young (5120K), 5 survivors (5120K)
 Metaspace       used 113528K, capacity 117027K, committed 117068K, reserved 1150976K
  class space    used 14357K, capacity 15669K, committed 15692K, reserved 1048576K
}
Event: 1189.669 GC heap before
{Heap before GC invocations=93 (full 0):
 garbage-first heap   total 157696K, used 95602K [0x0000000080000000, 0x0000000100000000)
  region size 1024K, 7 young (7168K), 5 survivors (5120K)
 Metaspace       used 113538K, capacity 117030K, committed 117068K, reserved 1150976K
  class space    used 14357K, capacity 15669K, committed 15692K, reserved 1048576K
}
Event: 1189.676 GC heap after
{Heap after GC invocations=94 (full 0):
 garbage-first heap   total 157696K, used 87688K [0x0000000080000000, 0x0000000100000000)
  region size 1024K, 1 young (1024K), 1 survivors (1024K)
 Metaspace       used 113538K, capacity 117030K, committed 117068K, reserved 1150976K
  class space    used 14357K, capacity 15669K, committed 15692K, reserved 1048576K
}

