# JRE version: OpenJDK Runtime Environment (11.0.10) (build 11.0.10+0-b96-7249189)
# Java VM: OpenJDK 64-Bit Server VM (11.0.10+0-b96-7249189, mixed mode, tiered, compressed oops, g1 gc, windows-amd64)
Heap:
 garbage-first heap   total 189440K, used 154165K [0x0000000080000000, 0x0000000100000000)
  region size 1024K, 57 young (58368K), 4 survivors (4096K)
 Metaspace       used 118011K, capacity 121560K, committed 122584K, reserved 1155072K
  class space    used 14904K, capacity 16197K, committed 16896K, reserved 1048576K
GC Heap History (20 events):
Event: 1963.143 GC heap before
{Heap before GC invocations=63 (full 0):
 garbage-first heap   total 189440K, used 113150K [0x0000000080000000, 0x0000000100000000)
  region size 1024K, 19 young (19456K), 1 survivors (1024K)
 Metaspace       used 116414K, capacity 119483K, committed 122072K, reserved 1155072K
  class space    used 14683K, capacity 15804K, committed 16896K, reserved 1048576K
}
Event: 1963.146 GC heap after
{Heap after GC invocations=64 (full 0):
 garbage-first heap   total 189440K, used 96889K [0x0000000080000000, 0x0000000100000000)
  region size 1024K, 1 young (1024K), 1 survivors (1024K)
 Metaspace       used 116414K, capacity 119483K, committed 122072K, reserved 1155072K
  class space    used 14683K, capacity 15804K, committed 16896K, reserved 1048576K
}
Event: 2122.209 GC heap before
{Heap before GC invocations=65 (full 0):
 garbage-first heap   total 189440K, used 147065K [0x0000000080000000, 0x0000000100000000)
  region size 1024K, 51 young (52224K), 1 survivors (1024K)
 Metaspace       used 116951K, capacity 120261K, committed 122072K, reserved 1155072K
  class space    used 14764K, capacity 15954K, committed 16896K, reserved 1048576K
}
Event: 2122.222 GC heap after
{Heap after GC invocations=66 (full 0):
 garbage-first heap   total 189440K, used 102023K [0x0000000080000000, 0x0000000100000000)
  region size 1024K, 7 young (7168K), 7 survivors (7168K)
 Metaspace       used 116951K, capacity 120261K, committed 122072K, reserved 1155072K
  class space    used 14764K, capacity 15954K, committed 16896K, reserved 1048576K
}
Event: 2122.228 GC heap before
{Heap before GC invocations=66 (full 0):
 garbage-first heap   total 189440K, used 104071K [0x0000000080000000, 0x0000000100000000)
  region size 1024K, 9 young (9216K), 7 survivors (7168K)
 Metaspace       used 116954K, capacity 120261K, committed 122072K, reserved 1155072K
  class space    used 14764K, capacity 15954K, committed 16896K, reserved 1048576K
}
Event: 2122.240 GC heap after
{Heap after GC invocations=67 (full 0):
 garbage-first heap   total 189440K, used 97983K [0x0000000080000000, 0x0000000100000000)
  region size 1024K, 2 young (2048K), 2 survivors (2048K)
 Metaspace       used 116954K, capacity 120261K, committed 122072K, reserved 1155072K
  class space    used 14764K, capacity 15954K, committed 16896K, reserved 1048576K
}
Event: 2122.282 GC heap before
{Heap before GC invocations=67 (full 0):
 garbage-first heap   total 189440K, used 110271K [0x0000000080000000, 0x0000000100000000)
  region size 1024K, 16 young (16384K), 2 survivors (2048K)
 Metaspace       used 116962K, capacity 120261K, committed 122072K, reserved 1155072K
  class space    used 14764K, capacity 15954K, committed 16896K, reserved 1048576K
}
Event: 2122.289 GC heap after
{Heap after GC invocations=68 (full 0):
 garbage-first heap   total 189440K, used 102966K [0x0000000080000000, 0x0000000100000000)
  region size 1024K, 6 young (6144K), 6 survivors (6144K)
 Metaspace       used 116962K, capacity 120261K, committed 122072K, reserved 1155072K
  class space    used 14764K, capacity 15954K, committed 16896K, reserved 1048576K
}
Event: 2126.518 GC heap before
{Heap before GC invocations=69 (full 0):
 garbage-first heap   total 189440K, used 160310K [0x0000000080000000, 0x0000000100000000)
  region size 1024K, 48 young (49152K), 6 survivors (6144K)
 Metaspace       used 117201K, capacity 120597K, committed 122072K, reserved 1155072K
  class space    used 14823K, capacity 16064K, committed 16896K, reserved 1048576K
}
Event: 2126.526 GC heap after
{Heap after GC invocations=70 (full 0):
 garbage-first heap   total 189440K, used 108114K [0x0000000080000000, 0x0000000100000000)
  region size 1024K, 6 young (6144K), 6 survivors (6144K)
 Metaspace       used 117201K, capacity 120597K, committed 122072K, reserved 1155072K
  class space    used 14823K, capacity 16064K, committed 16896K, reserved 1048576K
}
Event: 2126.532 GC heap before
{Heap before GC invocations=70 (full 0):
 garbage-first heap   total 189440K, used 110162K [0x0000000080000000, 0x0000000100000000)
  region size 1024K, 9 young (9216K), 6 survivors (6144K)
 Metaspace       used 117201K, capacity 120597K, committed 122072K, reserved 1155072K
  class space    used 14823K, capacity 16064K, committed 16896K, reserved 1048576K
}
Event: 2126.543 GC heap after
{Heap after GC invocations=71 (full 0):
 garbage-first heap   total 189440K, used 98175K [0x0000000080000000, 0x0000000100000000)
  region size 1024K, 1 young (1024K), 1 survivors (1024K)
 Metaspace       used 117201K, capacity 120597K, committed 122072K, reserved 1155072K
  class space    used 14823K, capacity 16064K, committed 16896K, reserved 1048576K
}
Event: 2126.905 GC heap before
{Heap before GC invocations=71 (full 0):
 garbage-first heap   total 189440K, used 117631K [0x0000000080000000, 0x0000000100000000)
  region size 1024K, 22 young (22528K), 1 survivors (1024K)
 Metaspace       used 117341K, capacity 120802K, committed 122072K, reserved 1155072K
  class space    used 14859K, capacity 16131K, committed 16896K, reserved 1048576K
}
Event: 2126.909 GC heap after
{Heap after GC invocations=72 (full 0):
 garbage-first heap   total 189440K, used 98190K [0x0000000080000000, 0x0000000100000000)
  region size 1024K, 1 young (1024K), 1 survivors (1024K)
 Metaspace       used 117341K, capacity 120802K, committed 122072K, reserved 1155072K
  class space    used 14859K, capacity 16131K, committed 16896K, reserved 1048576K
}
Event: 2163.051 GC heap before
{Heap before GC invocations=73 (full 0):
 garbage-first heap   total 189440K, used 147342K [0x0000000080000000, 0x0000000100000000)
  region size 1024K, 48 young (49152K), 1 survivors (1024K)
 Metaspace       used 117490K, capacity 120943K, committed 122328K, reserved 1155072K
  class space    used 14860K, capacity 16132K, committed 16896K, reserved 1048576K
}
Event: 2163.054 GC heap after
{Heap after GC invocations=74 (full 0):
 garbage-first heap   total 189440K, used 93278K [0x0000000080000000, 0x0000000100000000)
  region size 1024K, 1 young (1024K), 1 survivors (1024K)
 Metaspace       used 117490K, capacity 120943K, committed 122328K, reserved 1155072K
  class space    used 14860K, capacity 16132K, committed 16896K, reserved 1048576K
}
Event: 2163.102 GC heap before
{Heap before GC invocations=74 (full 0):
 garbage-first heap   total 189440K, used 100446K [0x0000000080000000, 0x0000000100000000)
  region size 1024K, 9 young (9216K), 1 survivors (1024K)
 Metaspace       used 117496K, capacity 120943K, committed 122328K, reserved 1155072K
  class space    used 14860K, capacity 16132K, committed 16896K, reserved 1048576K
}
Event: 2163.110 GC heap after
{Heap after GC invocations=75 (full 0):
 garbage-first heap   total 189440K, used 82410K [0x0000000080000000, 0x0000000100000000)
  region size 1024K, 2 young (2048K), 2 survivors (2048K)
 Metaspace       used 117496K, capacity 120943K, committed 122328K, reserved 1155072K
  class space    used 14860K, capacity 16132K, committed 16896K, reserved 1048576K
}
Event: 2204.747 GC heap before
{Heap before GC invocations=75 (full 0):
 garbage-first heap   total 189440K, used 141802K [0x0000000080000000, 0x0000000100000000)
  region size 1024K, 60 young (61440K), 2 survivors (2048K)
 Metaspace       used 117669K, capacity 121142K, committed 122328K, reserved 1155072K
  class space    used 14860K, capacity 16132K, committed 16896K, reserved 1048576K
}
Event: 2204.763 GC heap after
{Heap after GC invocations=76 (full 0):
 garbage-first heap   total 189440K, used 84533K [0x0000000080000000, 0x0000000100000000)
  region size 1024K, 4 young (4096K), 4 survivors (4096K)
 Metaspace       used 117669K, capacity 121142K, committed 122328K, reserved 1155072K
  class space    used 14860K, capacity 16132K, committed 16896K, reserved 1048576K
}

