# JRE version: OpenJDK Runtime Environment (11.0.10) (build 11.0.10+0-b96-7249189)
# Java VM: OpenJDK 64-Bit Server VM (11.0.10+0-b96-7249189, mixed mode, tiered, compressed oops, g1 gc, windows-amd64)
Heap:
 garbage-first heap   total 189440K, used 113126K [0x0000000080000000, 0x0000000100000000)
  region size 1024K, 21 young (21504K), 2 survivors (2048K)
 Metaspace       used 116550K, capacity 119700K, committed 122008K, reserved 1155072K
  class space    used 14673K, capacity 15844K, committed 16868K, reserved 1048576K
GC Heap History (20 events):
Event: 4724.179 GC heap before
{Heap before GC invocations=41 (full 0):
 garbage-first heap   total 189440K, used 97208K [0x0000000080000000, 0x0000000100000000)
  region size 1024K, 10 young (10240K), 9 survivors (9216K)
 Metaspace       used 115470K, capacity 118463K, committed 121240K, reserved 1153024K
  class space    used 14591K, capacity 15713K, committed 16868K, reserved 1048576K
}
Event: 4724.193 GC heap after
{Heap after GC invocations=42 (full 0):
 garbage-first heap   total 189440K, used 93946K [0x0000000080000000, 0x0000000100000000)
  region size 1024K, 2 young (2048K), 2 survivors (2048K)
 Metaspace       used 115470K, capacity 118463K, committed 121240K, reserved 1153024K
  class space    used 14591K, capacity 15713K, committed 16868K, reserved 1048576K
}
Event: 4724.214 GC heap before
{Heap before GC invocations=42 (full 0):
 garbage-first heap   total 189440K, used 100090K [0x0000000080000000, 0x0000000100000000)
  region size 1024K, 9 young (9216K), 2 survivors (2048K)
 Metaspace       used 115471K, capacity 118463K, committed 121240K, reserved 1153024K
  class space    used 14591K, capacity 15713K, committed 16868K, reserved 1048576K
}
Event: 4724.221 GC heap after
{Heap after GC invocations=43 (full 0):
 garbage-first heap   total 189440K, used 98255K [0x0000000080000000, 0x0000000100000000)
  region size 1024K, 6 young (6144K), 6 survivors (6144K)
 Metaspace       used 115471K, capacity 118463K, committed 121240K, reserved 1153024K
  class space    used 14591K, capacity 15713K, committed 16868K, reserved 1048576K
}
Event: 4728.957 GC heap before
{Heap before GC invocations=44 (full 0):
 garbage-first heap   total 189440K, used 161743K [0x0000000080000000, 0x0000000100000000)
  region size 1024K, 54 young (55296K), 6 survivors (6144K)
 Metaspace       used 115582K, capacity 118547K, committed 121240K, reserved 1153024K
  class space    used 14595K, capacity 15719K, committed 16868K, reserved 1048576K
}
Event: 4728.965 GC heap after
{Heap after GC invocations=45 (full 0):
 garbage-first heap   total 189440K, used 98278K [0x0000000080000000, 0x0000000100000000)
  region size 1024K, 4 young (4096K), 4 survivors (4096K)
 Metaspace       used 115582K, capacity 118547K, committed 121240K, reserved 1153024K
  class space    used 14595K, capacity 15719K, committed 16868K, reserved 1048576K
}
Event: 4728.997 GC heap before
{Heap before GC invocations=45 (full 0):
 garbage-first heap   total 189440K, used 103398K [0x0000000080000000, 0x0000000100000000)
  region size 1024K, 9 young (9216K), 4 survivors (4096K)
 Metaspace       used 115584K, capacity 118547K, committed 121240K, reserved 1153024K
  class space    used 14595K, capacity 15719K, committed 16868K, reserved 1048576K
}
Event: 4729.010 GC heap after
{Heap after GC invocations=46 (full 0):
 garbage-first heap   total 189440K, used 92442K [0x0000000080000000, 0x0000000100000000)
  region size 1024K, 1 young (1024K), 1 survivors (1024K)
 Metaspace       used 115584K, capacity 118547K, committed 121240K, reserved 1153024K
  class space    used 14595K, capacity 15719K, committed 16868K, reserved 1048576K
}
Event: 4729.408 GC heap before
{Heap before GC invocations=46 (full 0):
 garbage-first heap   total 189440K, used 101658K [0x0000000080000000, 0x0000000100000000)
  region size 1024K, 12 young (12288K), 1 survivors (1024K)
 Metaspace       used 115587K, capacity 118553K, committed 121240K, reserved 1153024K
  class space    used 14595K, capacity 15720K, committed 16868K, reserved 1048576K
}
Event: 4729.411 GC heap after
{Heap after GC invocations=47 (full 0):
 garbage-first heap   total 189440K, used 92484K [0x0000000080000000, 0x0000000100000000)
  region size 1024K, 1 young (1024K), 1 survivors (1024K)
 Metaspace       used 115587K, capacity 118553K, committed 121240K, reserved 1153024K
  class space    used 14595K, capacity 15720K, committed 16868K, reserved 1048576K
}
Event: 4930.592 GC heap before
{Heap before GC invocations=48 (full 0):
 garbage-first heap   total 189440K, used 154948K [0x0000000080000000, 0x0000000100000000)
  region size 1024K, 60 young (61440K), 1 survivors (1024K)
 Metaspace       used 115792K, capacity 118831K, committed 121496K, reserved 1155072K
  class space    used 14598K, capacity 15723K, committed 16868K, reserved 1048576K
}
Event: 4930.602 GC heap after
{Heap after GC invocations=49 (full 0):
 garbage-first heap   total 189440K, used 101528K [0x0000000080000000, 0x0000000100000000)
  region size 1024K, 8 young (8192K), 8 survivors (8192K)
 Metaspace       used 115792K, capacity 118831K, committed 121496K, reserved 1155072K
  class space    used 14598K, capacity 15723K, committed 16868K, reserved 1048576K
}
Event: 4930.613 GC heap before
{Heap before GC invocations=49 (full 0):
 garbage-first heap   total 189440K, used 102552K [0x0000000080000000, 0x0000000100000000)
  region size 1024K, 9 young (9216K), 8 survivors (8192K)
 Metaspace       used 115794K, capacity 118831K, committed 121496K, reserved 1155072K
  class space    used 14598K, capacity 15723K, committed 16868K, reserved 1048576K
}
Event: 4930.620 GC heap after
{Heap after GC invocations=50 (full 0):
 garbage-first heap   total 189440K, used 96256K [0x0000000080000000, 0x0000000100000000)
  region size 1024K, 1 young (1024K), 1 survivors (1024K)
 Metaspace       used 115794K, capacity 118831K, committed 121496K, reserved 1155072K
  class space    used 14598K, capacity 15723K, committed 16868K, reserved 1048576K
}
Event: 4930.642 GC heap before
{Heap before GC invocations=50 (full 0):
 garbage-first heap   total 189440K, used 102400K [0x0000000080000000, 0x0000000100000000)
  region size 1024K, 8 young (8192K), 1 survivors (1024K)
 Metaspace       used 115797K, capacity 118831K, committed 121496K, reserved 1155072K
  class space    used 14598K, capacity 15723K, committed 16868K, reserved 1048576K
}
Event: 4930.649 GC heap after
{Heap after GC invocations=51 (full 0):
 garbage-first heap   total 189440K, used 101006K [0x0000000080000000, 0x0000000100000000)
  region size 1024K, 6 young (6144K), 6 survivors (6144K)
 Metaspace       used 115797K, capacity 118831K, committed 121496K, reserved 1155072K
  class space    used 14598K, capacity 15723K, committed 16868K, reserved 1048576K
}
Event: 4947.017 GC heap before
{Heap before GC invocations=52 (full 0):
 garbage-first heap   total 189440K, used 161422K [0x0000000080000000, 0x0000000100000000)
  region size 1024K, 50 young (51200K), 6 survivors (6144K)
 Metaspace       used 116426K, capacity 119581K, committed 121752K, reserved 1155072K
  class space    used 14665K, capacity 15830K, committed 16868K, reserved 1048576K
}
Event: 4947.023 GC heap after
{Heap after GC invocations=53 (full 0):
 garbage-first heap   total 189440K, used 102192K [0x0000000080000000, 0x0000000100000000)
  region size 1024K, 5 young (5120K), 5 survivors (5120K)
 Metaspace       used 116426K, capacity 119581K, committed 121752K, reserved 1155072K
  class space    used 14665K, capacity 15830K, committed 16868K, reserved 1048576K
}
Event: 4947.101 GC heap before
{Heap before GC invocations=53 (full 0):
 garbage-first heap   total 189440K, used 106288K [0x0000000080000000, 0x0000000100000000)
  region size 1024K, 9 young (9216K), 5 survivors (5120K)
 Metaspace       used 116494K, capacity 119626K, committed 121752K, reserved 1155072K
  class space    used 14672K, capacity 15842K, committed 16868K, reserved 1048576K
}
Event: 4947.114 GC heap after
{Heap after GC invocations=54 (full 0):
 garbage-first heap   total 189440K, used 94694K [0x0000000080000000, 0x0000000100000000)
  region size 1024K, 2 young (2048K), 2 survivors (2048K)
 Metaspace       used 116494K, capacity 119626K, committed 121752K, reserved 1155072K
  class space    used 14672K, capacity 15842K, committed 16868K, reserved 1048576K
}

