# JRE version: OpenJDK Runtime Environment (11.0.10) (build 11.0.10+0-b96-7249189)
# Java VM: OpenJDK 64-Bit Server VM (11.0.10+0-b96-7249189, mixed mode, tiered, compressed oops, g1 gc, windows-amd64)
Heap:
 garbage-first heap   total 189440K, used 116143K [0x0000000080000000, 0x0000000100000000)
  region size 1024K, 39 young (39936K), 2 survivors (2048K)
 Metaspace       used 111080K, capacity 113992K, committed 114432K, reserved 1148928K
  class space    used 14119K, capacity 15212K, committed 15436K, reserved 1048576K
GC Heap History (20 events):
Event: 11.276 GC heap before
{Heap before GC invocations=20 (full 0):
 garbage-first heap   total 189440K, used 140410K [0x0000000080000000, 0x0000000100000000)
  region size 1024K, 73 young (74752K), 6 survivors (6144K)
 Metaspace       used 105538K, capacity 108619K, committed 108800K, reserved 1142784K
  class space    used 14004K, capacity 15189K, committed 15308K, reserved 1048576K
}
Event: 11.284 GC heap after
{Heap after GC invocations=21 (full 0):
 garbage-first heap   total 189440K, used 76616K [0x0000000080000000, 0x0000000100000000)
  region size 1024K, 8 young (8192K), 8 survivors (8192K)
 Metaspace       used 105538K, capacity 108619K, committed 108800K, reserved 1142784K
  class space    used 14004K, capacity 15189K, committed 15308K, reserved 1048576K
}
Event: 279.357 GC heap before
{Heap before GC invocations=22 (full 0):
 garbage-first heap   total 189440K, used 157512K [0x0000000080000000, 0x0000000100000000)
  region size 1024K, 83 young (84992K), 8 survivors (8192K)
 Metaspace       used 107634K, capacity 110601K, committed 111104K, reserved 1144832K
  class space    used 14122K, capacity 15234K, committed 15436K, reserved 1048576K
}
Event: 279.367 GC heap after
{Heap after GC invocations=23 (full 0):
 garbage-first heap   total 189440K, used 82551K [0x0000000080000000, 0x0000000100000000)
  region size 1024K, 10 young (10240K), 10 survivors (10240K)
 Metaspace       used 107634K, capacity 110601K, committed 111104K, reserved 1144832K
  class space    used 14122K, capacity 15234K, committed 15436K, reserved 1048576K
}
Event: 415.724 GC heap before
{Heap before GC invocations=23 (full 0):
 garbage-first heap   total 189440K, used 159351K [0x0000000080000000, 0x0000000100000000)
  region size 1024K, 79 young (80896K), 10 survivors (10240K)
 Metaspace       used 108403K, capacity 111450K, committed 111872K, reserved 1146880K
  class space    used 14137K, capacity 15256K, committed 15436K, reserved 1048576K
}
Event: 415.729 GC heap after
{Heap after GC invocations=24 (full 0):
 garbage-first heap   total 189440K, used 82033K [0x0000000080000000, 0x0000000100000000)
  region size 1024K, 3 young (3072K), 3 survivors (3072K)
 Metaspace       used 108403K, capacity 111450K, committed 111872K, reserved 1146880K
  class space    used 14137K, capacity 15256K, committed 15436K, reserved 1048576K
}
Event: 416.709 GC heap before
{Heap before GC invocations=24 (full 0):
 garbage-first heap   total 189440K, used 156785K [0x0000000080000000, 0x0000000100000000)
  region size 1024K, 75 young (76800K), 3 survivors (3072K)
 Metaspace       used 109268K, capacity 112329K, committed 112640K, reserved 1146880K
  class space    used 14157K, capacity 15290K, committed 15436K, reserved 1048576K
}
Event: 416.714 GC heap after
{Heap after GC invocations=25 (full 0):
 garbage-first heap   total 189440K, used 86549K [0x0000000080000000, 0x0000000100000000)
  region size 1024K, 7 young (7168K), 7 survivors (7168K)
 Metaspace       used 109268K, capacity 112329K, committed 112640K, reserved 1146880K
  class space    used 14157K, capacity 15290K, committed 15436K, reserved 1048576K
}
Event: 1821.109 GC heap before
{Heap before GC invocations=25 (full 0):
 garbage-first heap   total 189440K, used 160277K [0x0000000080000000, 0x0000000100000000)
  region size 1024K, 75 young (76800K), 7 survivors (7168K)
 Metaspace       used 109776K, capacity 112871K, committed 113152K, reserved 1146880K
  class space    used 14169K, capacity 15312K, committed 15436K, reserved 1048576K
}
Event: 1821.112 GC heap after
{Heap after GC invocations=26 (full 0):
 garbage-first heap   total 189440K, used 80741K [0x0000000080000000, 0x0000000100000000)
  region size 1024K, 3 young (3072K), 3 survivors (3072K)
 Metaspace       used 109776K, capacity 112871K, committed 113152K, reserved 1146880K
  class space    used 14169K, capacity 15312K, committed 15436K, reserved 1048576K
}
Event: 1823.259 GC heap before
{Heap before GC invocations=26 (full 0):
 garbage-first heap   total 189440K, used 157541K [0x0000000080000000, 0x0000000100000000)
  region size 1024K, 77 young (78848K), 3 survivors (3072K)
 Metaspace       used 110411K, capacity 113422K, committed 113664K, reserved 1146880K
  class space    used 14179K, capacity 15328K, committed 15436K, reserved 1048576K
}
Event: 1823.263 GC heap after
{Heap after GC invocations=27 (full 0):
 garbage-first heap   total 189440K, used 86511K [0x0000000080000000, 0x0000000100000000)
  region size 1024K, 6 young (6144K), 6 survivors (6144K)
 Metaspace       used 110411K, capacity 113422K, committed 113664K, reserved 1146880K
  class space    used 14179K, capacity 15328K, committed 15436K, reserved 1048576K
}
Event: 1823.511 GC heap before
{Heap before GC invocations=27 (full 0):
 garbage-first heap   total 189440K, used 99823K [0x0000000080000000, 0x0000000100000000)
  region size 1024K, 16 young (16384K), 6 survivors (6144K)
 Metaspace       used 110412K, capacity 113422K, committed 113664K, reserved 1146880K
  class space    used 14179K, capacity 15328K, committed 15436K, reserved 1048576K
}
Event: 1823.518 GC heap after
{Heap after GC invocations=28 (full 0):
 garbage-first heap   total 189440K, used 88615K [0x0000000080000000, 0x0000000100000000)
  region size 1024K, 5 young (5120K), 5 survivors (5120K)
 Metaspace       used 110412K, capacity 113422K, committed 113664K, reserved 1146880K
  class space    used 14179K, capacity 15328K, committed 15436K, reserved 1048576K
}
Event: 2768.797 GC heap before
{Heap before GC invocations=29 (full 0):
 garbage-first heap   total 189440K, used 149031K [0x0000000080000000, 0x0000000100000000)
  region size 1024K, 65 young (66560K), 5 survivors (5120K)
 Metaspace       used 110580K, capacity 113593K, committed 113920K, reserved 1148928K
  class space    used 14151K, capacity 15278K, committed 15436K, reserved 1048576K
}
Event: 2768.810 GC heap after
{Heap after GC invocations=30 (full 0):
 garbage-first heap   total 189440K, used 89039K [0x0000000080000000, 0x0000000100000000)
  region size 1024K, 9 young (9216K), 9 survivors (9216K)
 Metaspace       used 110580K, capacity 113593K, committed 113920K, reserved 1148928K
  class space    used 14151K, capacity 15278K, committed 15436K, reserved 1048576K
}
Event: 2850.152 GC heap before
{Heap before GC invocations=31 (full 0):
 garbage-first heap   total 189440K, used 159695K [0x0000000080000000, 0x0000000100000000)
  region size 1024K, 72 young (73728K), 9 survivors (9216K)
 Metaspace       used 110717K, capacity 113603K, committed 114176K, reserved 1148928K
  class space    used 14089K, capacity 15158K, committed 15436K, reserved 1048576K
}
Event: 2850.158 GC heap after
{Heap after GC invocations=32 (full 0):
 garbage-first heap   total 189440K, used 87151K [0x0000000080000000, 0x0000000100000000)
  region size 1024K, 2 young (2048K), 2 survivors (2048K)
 Metaspace       used 110717K, capacity 113603K, committed 114176K, reserved 1148928K
  class space    used 14089K, capacity 15158K, committed 15436K, reserved 1048576K
}
Event: 2850.238 GC heap before
{Heap before GC invocations=32 (full 0):
 garbage-first heap   total 189440K, used 94319K [0x0000000080000000, 0x0000000100000000)
  region size 1024K, 9 young (9216K), 2 survivors (2048K)
 Metaspace       used 110775K, capacity 113658K, committed 114176K, reserved 1148928K
  class space    used 14095K, capacity 15169K, committed 15436K, reserved 1048576K
}
Event: 2850.245 GC heap after
{Heap after GC invocations=33 (full 0):
 garbage-first heap   total 189440K, used 80303K [0x0000000080000000, 0x0000000100000000)
  region size 1024K, 2 young (2048K), 2 survivors (2048K)
 Metaspace       used 110775K, capacity 113658K, committed 114176K, reserved 1148928K
  class space    used 14095K, capacity 15169K, committed 15436K, reserved 1048576K
}

